error: 2020-12-07T10:40:15.608Z uncaughtException: processErrors is not a function
TypeError: processErrors is not a function
    at Object.<anonymous> (C:\Users\andre\OneDrive\Desktop\Api-Countries-2\api\resources\users\users.routes.js:24:3)
    at Module._compile (internal/modules/cjs/loader.js:1063:30)
    at Object.Module._extensions..js (internal/modules/cjs/loader.js:1092:10)
    at Module.load (internal/modules/cjs/loader.js:928:32)
    at Function.Module._load (internal/modules/cjs/loader.js:769:14)
    at Module.require (internal/modules/cjs/loader.js:952:19)
    at require (internal/modules/cjs/helpers.js:88:18)
    at Object.<anonymous> (C:\Users\andre\OneDrive\Desktop\Api-Countries-2\index.js:6:21)
    at Module._compile (internal/modules/cjs/loader.js:1063:30)
    at Object.Module._extensions..js (internal/modules/cjs/loader.js:1092:10)
    at Module.load (internal/modules/cjs/loader.js:928:32)
    at Function.Module._load (internal/modules/cjs/loader.js:769:14)
    at Function.executeUserEntryPoint [as runMain] (internal/modules/run_main.js:72:12)
    at internal/main/run_main_module.js:17:47 {"error":{},"stack":"TypeError: processErrors is not a function\n    at Object.<anonymous> (C:\\Users\\andre\\OneDrive\\Desktop\\Api-Countries-2\\api\\resources\\users\\users.routes.js:24:3)\n    at Module._compile (internal/modules/cjs/loader.js:1063:30)\n    at Object.Module._extensions..js (internal/modules/cjs/loader.js:1092:10)\n    at Module.load (internal/modules/cjs/loader.js:928:32)\n    at Function.Module._load (internal/modules/cjs/loader.js:769:14)\n    at Module.require (internal/modules/cjs/loader.js:952:19)\n    at require (internal/modules/cjs/helpers.js:88:18)\n    at Object.<anonymous> (C:\\Users\\andre\\OneDrive\\Desktop\\Api-Countries-2\\index.js:6:21)\n    at Module._compile (internal/modules/cjs/loader.js:1063:30)\n    at Object.Module._extensions..js (internal/modules/cjs/loader.js:1092:10)\n    at Module.load (internal/modules/cjs/loader.js:928:32)\n    at Function.Module._load (internal/modules/cjs/loader.js:769:14)\n    at Function.executeUserEntryPoint [as runMain] (internal/modules/run_main.js:72:12)\n    at internal/main/run_main_module.js:17:47","exception":true,"date":"Mon Dec 07 2020 11:40:15 GMT+0100 (Ora standard dell’Europa centrale)","process":{"pid":5184,"uid":null,"gid":null,"cwd":"C:\\Users\\andre\\OneDrive\\Desktop\\Api-Countries-2","execPath":"C:\\Program Files\\nodejs\\node.exe","version":"v14.13.1","argv":["C:\\Program Files\\nodejs\\node.exe","C:\\Users\\andre\\OneDrive\\Desktop\\Api-Countries-2\\index.js"],"memoryUsage":{"rss":62062592,"heapTotal":35819520,"heapUsed":25387272,"external":20248311,"arrayBuffers":18665020}},"os":{"loadavg":[0,0,0],"uptime":10698},"trace":[{"column":3,"file":"C:\\Users\\andre\\OneDrive\\Desktop\\Api-Countries-2\\api\\resources\\users\\users.routes.js","function":null,"line":24,"method":null,"native":false},{"column":30,"file":"internal/modules/cjs/loader.js","function":"Module._compile","line":1063,"method":"_compile","native":false},{"column":10,"file":"internal/modules/cjs/loader.js","function":"Module._extensions..js","line":1092,"method":".js","native":false},{"column":32,"file":"internal/modules/cjs/loader.js","function":"Module.load","line":928,"method":"load","native":false},{"column":14,"file":"internal/modules/cjs/loader.js","function":"Module._load","line":769,"method":"_load","native":false},{"column":19,"file":"internal/modules/cjs/loader.js","function":"Module.require","line":952,"method":"require","native":false},{"column":18,"file":"internal/modules/cjs/helpers.js","function":"require","line":88,"method":null,"native":false},{"column":21,"file":"C:\\Users\\andre\\OneDrive\\Desktop\\Api-Countries-2\\index.js","function":null,"line":6,"method":null,"native":false},{"column":30,"file":"internal/modules/cjs/loader.js","function":"Module._compile","line":1063,"method":"_compile","native":false},{"column":10,"file":"internal/modules/cjs/loader.js","function":"Module._extensions..js","line":1092,"method":".js","native":false},{"column":32,"file":"internal/modules/cjs/loader.js","function":"Module.load","line":928,"method":"load","native":false},{"column":14,"file":"internal/modules/cjs/loader.js","function":"Module._load","line":769,"method":"_load","native":false},{"column":12,"file":"internal/modules/run_main.js","function":"Function.executeUserEntryPoint [as runMain]","line":72,"method":"executeUserEntryPoint [as runMain]","native":false},{"column":47,"file":"internal/main/run_main_module.js","function":null,"line":17,"method":null,"native":false}]}
error: 2020-12-07T10:41:04.990Z uncaughtException: Cannot find module 'underscore'
Require stack:
- C:\Users\andre\OneDrive\Desktop\Api-Countries-2\api\resources\countries\countries.routes.js
- C:\Users\andre\OneDrive\Desktop\Api-Countries-2\index.js
Error: Cannot find module 'underscore'
Require stack:
- C:\Users\andre\OneDrive\Desktop\Api-Countries-2\api\resources\countries\countries.routes.js
- C:\Users\andre\OneDrive\Desktop\Api-Countries-2\index.js
    at Function.Module._resolveFilename (internal/modules/cjs/loader.js:880:15)
    at Function.Module._load (internal/modules/cjs/loader.js:725:27)
    at Module.require (internal/modules/cjs/loader.js:952:19)
    at require (internal/modules/cjs/helpers.js:88:18)
    at Object.<anonymous> (C:\Users\andre\OneDrive\Desktop\Api-Countries-2\api\resources\countries\countries.routes.js:2:11)
    at Module._compile (internal/modules/cjs/loader.js:1063:30)
    at Object.Module._extensions..js (internal/modules/cjs/loader.js:1092:10)
    at Module.load (internal/modules/cjs/loader.js:928:32)
    at Function.Module._load (internal/modules/cjs/loader.js:769:14)
    at Module.require (internal/modules/cjs/loader.js:952:19)
    at require (internal/modules/cjs/helpers.js:88:18)
    at Object.<anonymous> (C:\Users\andre\OneDrive\Desktop\Api-Countries-2\index.js:7:25)
    at Module._compile (internal/modules/cjs/loader.js:1063:30)
    at Object.Module._extensions..js (internal/modules/cjs/loader.js:1092:10)
    at Module.load (internal/modules/cjs/loader.js:928:32)
    at Function.Module._load (internal/modules/cjs/loader.js:769:14) {"error":{"code":"MODULE_NOT_FOUND","requireStack":["C:\\Users\\andre\\OneDrive\\Desktop\\Api-Countries-2\\api\\resources\\countries\\countries.routes.js","C:\\Users\\andre\\OneDrive\\Desktop\\Api-Countries-2\\index.js"]},"stack":"Error: Cannot find module 'underscore'\nRequire stack:\n- C:\\Users\\andre\\OneDrive\\Desktop\\Api-Countries-2\\api\\resources\\countries\\countries.routes.js\n- C:\\Users\\andre\\OneDrive\\Desktop\\Api-Countries-2\\index.js\n    at Function.Module._resolveFilename (internal/modules/cjs/loader.js:880:15)\n    at Function.Module._load (internal/modules/cjs/loader.js:725:27)\n    at Module.require (internal/modules/cjs/loader.js:952:19)\n    at require (internal/modules/cjs/helpers.js:88:18)\n    at Object.<anonymous> (C:\\Users\\andre\\OneDrive\\Desktop\\Api-Countries-2\\api\\resources\\countries\\countries.routes.js:2:11)\n    at Module._compile (internal/modules/cjs/loader.js:1063:30)\n    at Object.Module._extensions..js (internal/modules/cjs/loader.js:1092:10)\n    at Module.load (internal/modules/cjs/loader.js:928:32)\n    at Function.Module._load (internal/modules/cjs/loader.js:769:14)\n    at Module.require (internal/modules/cjs/loader.js:952:19)\n    at require (internal/modules/cjs/helpers.js:88:18)\n    at Object.<anonymous> (C:\\Users\\andre\\OneDrive\\Desktop\\Api-Countries-2\\index.js:7:25)\n    at Module._compile (internal/modules/cjs/loader.js:1063:30)\n    at Object.Module._extensions..js (internal/modules/cjs/loader.js:1092:10)\n    at Module.load (internal/modules/cjs/loader.js:928:32)\n    at Function.Module._load (internal/modules/cjs/loader.js:769:14)","exception":true,"date":"Mon Dec 07 2020 11:41:04 GMT+0100 (Ora standard dell’Europa centrale)","process":{"pid":8452,"uid":null,"gid":null,"cwd":"C:\\Users\\andre\\OneDrive\\Desktop\\Api-Countries-2","execPath":"C:\\Program Files\\nodejs\\node.exe","version":"v14.13.1","argv":["C:\\Program Files\\nodejs\\node.exe","C:\\Users\\andre\\OneDrive\\Desktop\\Api-Countries-2\\index.js"],"memoryUsage":{"rss":61960192,"heapTotal":35295232,"heapUsed":25551216,"external":20248311,"arrayBuffers":18665020}},"os":{"loadavg":[0,0,0],"uptime":10747},"trace":[{"column":15,"file":"internal/modules/cjs/loader.js","function":"Module._resolveFilename","line":880,"method":"_resolveFilename","native":false},{"column":27,"file":"internal/modules/cjs/loader.js","function":"Module._load","line":725,"method":"_load","native":false},{"column":19,"file":"internal/modules/cjs/loader.js","function":"Module.require","line":952,"method":"require","native":false},{"column":18,"file":"internal/modules/cjs/helpers.js","function":"require","line":88,"method":null,"native":false},{"column":11,"file":"C:\\Users\\andre\\OneDrive\\Desktop\\Api-Countries-2\\api\\resources\\countries\\countries.routes.js","function":null,"line":2,"method":null,"native":false},{"column":30,"file":"internal/modules/cjs/loader.js","function":"Module._compile","line":1063,"method":"_compile","native":false},{"column":10,"file":"internal/modules/cjs/loader.js","function":"Module._extensions..js","line":1092,"method":".js","native":false},{"column":32,"file":"internal/modules/cjs/loader.js","function":"Module.load","line":928,"method":"load","native":false},{"column":14,"file":"internal/modules/cjs/loader.js","function":"Module._load","line":769,"method":"_load","native":false},{"column":19,"file":"internal/modules/cjs/loader.js","function":"Module.require","line":952,"method":"require","native":false},{"column":18,"file":"internal/modules/cjs/helpers.js","function":"require","line":88,"method":null,"native":false},{"column":25,"file":"C:\\Users\\andre\\OneDrive\\Desktop\\Api-Countries-2\\index.js","function":null,"line":7,"method":null,"native":false},{"column":30,"file":"internal/modules/cjs/loader.js","function":"Module._compile","line":1063,"method":"_compile","native":false},{"column":10,"file":"internal/modules/cjs/loader.js","function":"Module._extensions..js","line":1092,"method":".js","native":false},{"column":32,"file":"internal/modules/cjs/loader.js","function":"Module.load","line":928,"method":"load","native":false},{"column":14,"file":"internal/modules/cjs/loader.js","function":"Module._load","line":769,"method":"_load","native":false}]}
error: 2020-12-07T10:41:39.119Z uncaughtException: Authentication strategies must have a name
Error: Authentication strategies must have a name
    at Authenticator.use (C:\Users\andre\OneDrive\Desktop\Api-Countries-2\node_modules\passport\lib\authenticator.js:56:22)
    at Object.<anonymous> (C:\Users\andre\OneDrive\Desktop\Api-Countries-2\index.js:13:10)
    at Module._compile (internal/modules/cjs/loader.js:1063:30)
    at Object.Module._extensions..js (internal/modules/cjs/loader.js:1092:10)
    at Module.load (internal/modules/cjs/loader.js:928:32)
    at Function.Module._load (internal/modules/cjs/loader.js:769:14)
    at Function.executeUserEntryPoint [as runMain] (internal/modules/run_main.js:72:12)
    at internal/main/run_main_module.js:17:47 {"error":{},"stack":"Error: Authentication strategies must have a name\n    at Authenticator.use (C:\\Users\\andre\\OneDrive\\Desktop\\Api-Countries-2\\node_modules\\passport\\lib\\authenticator.js:56:22)\n    at Object.<anonymous> (C:\\Users\\andre\\OneDrive\\Desktop\\Api-Countries-2\\index.js:13:10)\n    at Module._compile (internal/modules/cjs/loader.js:1063:30)\n    at Object.Module._extensions..js (internal/modules/cjs/loader.js:1092:10)\n    at Module.load (internal/modules/cjs/loader.js:928:32)\n    at Function.Module._load (internal/modules/cjs/loader.js:769:14)\n    at Function.executeUserEntryPoint [as runMain] (internal/modules/run_main.js:72:12)\n    at internal/main/run_main_module.js:17:47","exception":true,"date":"Mon Dec 07 2020 11:41:39 GMT+0100 (Ora standard dell’Europa centrale)","process":{"pid":12520,"uid":null,"gid":null,"cwd":"C:\\Users\\andre\\OneDrive\\Desktop\\Api-Countries-2","execPath":"C:\\Program Files\\nodejs\\node.exe","version":"v14.13.1","argv":["C:\\Program Files\\nodejs\\node.exe","C:\\Users\\andre\\OneDrive\\Desktop\\Api-Countries-2\\index.js"],"memoryUsage":{"rss":63889408,"heapTotal":54431744,"heapUsed":21329512,"external":19879549,"arrayBuffers":18296258}},"os":{"loadavg":[0,0,0],"uptime":10781},"trace":[{"column":22,"file":"C:\\Users\\andre\\OneDrive\\Desktop\\Api-Countries-2\\node_modules\\passport\\lib\\authenticator.js","function":"Authenticator.use","line":56,"method":"use","native":false},{"column":10,"file":"C:\\Users\\andre\\OneDrive\\Desktop\\Api-Countries-2\\index.js","function":null,"line":13,"method":null,"native":false},{"column":30,"file":"internal/modules/cjs/loader.js","function":"Module._compile","line":1063,"method":"_compile","native":false},{"column":10,"file":"internal/modules/cjs/loader.js","function":"Module._extensions..js","line":1092,"method":".js","native":false},{"column":32,"file":"internal/modules/cjs/loader.js","function":"Module.load","line":928,"method":"load","native":false},{"column":14,"file":"internal/modules/cjs/loader.js","function":"Module._load","line":769,"method":"_load","native":false},{"column":12,"file":"internal/modules/run_main.js","function":"Function.executeUserEntryPoint [as runMain]","line":72,"method":"executeUserEntryPoint [as runMain]","native":false},{"column":47,"file":"internal/main/run_main_module.js","function":null,"line":17,"method":null,"native":false}]}
error: 2020-12-07T10:42:08.818Z uncaughtException: Cannot find module './../utils/logger'
Require stack:
- C:\Users\andre\OneDrive\Desktop\Api-Countries-2\api\libs\auth.js
- C:\Users\andre\OneDrive\Desktop\Api-Countries-2\index.js
Error: Cannot find module './../utils/logger'
Require stack:
- C:\Users\andre\OneDrive\Desktop\Api-Countries-2\api\libs\auth.js
- C:\Users\andre\OneDrive\Desktop\Api-Countries-2\index.js
    at Function.Module._resolveFilename (internal/modules/cjs/loader.js:880:15)
    at Function.Module._load (internal/modules/cjs/loader.js:725:27)
    at Module.require (internal/modules/cjs/loader.js:952:19)
    at require (internal/modules/cjs/helpers.js:88:18)
    at Object.<anonymous> (C:\Users\andre\OneDrive\Desktop\Api-Countries-2\api\libs\auth.js:4:13)
    at Module._compile (internal/modules/cjs/loader.js:1063:30)
    at Object.Module._extensions..js (internal/modules/cjs/loader.js:1092:10)
    at Module.load (internal/modules/cjs/loader.js:928:32)
    at Function.Module._load (internal/modules/cjs/loader.js:769:14)
    at Module.require (internal/modules/cjs/loader.js:952:19)
    at require (internal/modules/cjs/helpers.js:88:18)
    at Object.<anonymous> (C:\Users\andre\OneDrive\Desktop\Api-Countries-2\index.js:9:17)
    at Module._compile (internal/modules/cjs/loader.js:1063:30)
    at Object.Module._extensions..js (internal/modules/cjs/loader.js:1092:10)
    at Module.load (internal/modules/cjs/loader.js:928:32)
    at Function.Module._load (internal/modules/cjs/loader.js:769:14) {"error":{"code":"MODULE_NOT_FOUND","requireStack":["C:\\Users\\andre\\OneDrive\\Desktop\\Api-Countries-2\\api\\libs\\auth.js","C:\\Users\\andre\\OneDrive\\Desktop\\Api-Countries-2\\index.js"]},"stack":"Error: Cannot find module './../utils/logger'\nRequire stack:\n- C:\\Users\\andre\\OneDrive\\Desktop\\Api-Countries-2\\api\\libs\\auth.js\n- C:\\Users\\andre\\OneDrive\\Desktop\\Api-Countries-2\\index.js\n    at Function.Module._resolveFilename (internal/modules/cjs/loader.js:880:15)\n    at Function.Module._load (internal/modules/cjs/loader.js:725:27)\n    at Module.require (internal/modules/cjs/loader.js:952:19)\n    at require (internal/modules/cjs/helpers.js:88:18)\n    at Object.<anonymous> (C:\\Users\\andre\\OneDrive\\Desktop\\Api-Countries-2\\api\\libs\\auth.js:4:13)\n    at Module._compile (internal/modules/cjs/loader.js:1063:30)\n    at Object.Module._extensions..js (internal/modules/cjs/loader.js:1092:10)\n    at Module.load (internal/modules/cjs/loader.js:928:32)\n    at Function.Module._load (internal/modules/cjs/loader.js:769:14)\n    at Module.require (internal/modules/cjs/loader.js:952:19)\n    at require (internal/modules/cjs/helpers.js:88:18)\n    at Object.<anonymous> (C:\\Users\\andre\\OneDrive\\Desktop\\Api-Countries-2\\index.js:9:17)\n    at Module._compile (internal/modules/cjs/loader.js:1063:30)\n    at Object.Module._extensions..js (internal/modules/cjs/loader.js:1092:10)\n    at Module.load (internal/modules/cjs/loader.js:928:32)\n    at Function.Module._load (internal/modules/cjs/loader.js:769:14)","exception":true,"date":"Mon Dec 07 2020 11:42:08 GMT+0100 (Ora standard dell’Europa centrale)","process":{"pid":14248,"uid":null,"gid":null,"cwd":"C:\\Users\\andre\\OneDrive\\Desktop\\Api-Countries-2","execPath":"C:\\Program Files\\nodejs\\node.exe","version":"v14.13.1","argv":["C:\\Program Files\\nodejs\\node.exe","C:\\Users\\andre\\OneDrive\\Desktop\\Api-Countries-2\\index.js"],"memoryUsage":{"rss":62488576,"heapTotal":35819520,"heapUsed":26091336,"external":20130314,"arrayBuffers":18547023}},"os":{"loadavg":[0,0,0],"uptime":10811},"trace":[{"column":15,"file":"internal/modules/cjs/loader.js","function":"Module._resolveFilename","line":880,"method":"_resolveFilename","native":false},{"column":27,"file":"internal/modules/cjs/loader.js","function":"Module._load","line":725,"method":"_load","native":false},{"column":19,"file":"internal/modules/cjs/loader.js","function":"Module.require","line":952,"method":"require","native":false},{"column":18,"file":"internal/modules/cjs/helpers.js","function":"require","line":88,"method":null,"native":false},{"column":13,"file":"C:\\Users\\andre\\OneDrive\\Desktop\\Api-Countries-2\\api\\libs\\auth.js","function":null,"line":4,"method":null,"native":false},{"column":30,"file":"internal/modules/cjs/loader.js","function":"Module._compile","line":1063,"method":"_compile","native":false},{"column":10,"file":"internal/modules/cjs/loader.js","function":"Module._extensions..js","line":1092,"method":".js","native":false},{"column":32,"file":"internal/modules/cjs/loader.js","function":"Module.load","line":928,"method":"load","native":false},{"column":14,"file":"internal/modules/cjs/loader.js","function":"Module._load","line":769,"method":"_load","native":false},{"column":19,"file":"internal/modules/cjs/loader.js","function":"Module.require","line":952,"method":"require","native":false},{"column":18,"file":"internal/modules/cjs/helpers.js","function":"require","line":88,"method":null,"native":false},{"column":17,"file":"C:\\Users\\andre\\OneDrive\\Desktop\\Api-Countries-2\\index.js","function":null,"line":9,"method":null,"native":false},{"column":30,"file":"internal/modules/cjs/loader.js","function":"Module._compile","line":1063,"method":"_compile","native":false},{"column":10,"file":"internal/modules/cjs/loader.js","function":"Module._extensions..js","line":1092,"method":".js","native":false},{"column":32,"file":"internal/modules/cjs/loader.js","function":"Module.load","line":928,"method":"load","native":false},{"column":14,"file":"internal/modules/cjs/loader.js","function":"Module._load","line":769,"method":"_load","native":false}]}
info: 2020-12-07T10:42:28.126Z Escuchando en puerto 3002
